<?xml version="1.0" encoding="utf-8"?><testsuite errors="0" failures="0" name="pytest" skips="0" tests="6" time="4.098"><testcase classname="tests.lab3.integrTestsLab3.TestApplicationServiceImpl" file="tests/lab3/integrTestsLab3.py" line="83" name="test_change_symbol" time="0.2536633014678955"><system-out>Enviroment - test
</system-out></testcase><testcase classname="tests.lab3.integrTestsLab3.TestApplicationServiceImpl" file="tests/lab3/integrTestsLab3.py" line="110" name="test_change_unused_symbol" time="0.14148592948913574"><system-out>Enviroment - test
</system-out></testcase><testcase classname="tests.lab3.integrTestsLab3.TestApplicationServiceImpl" file="tests/lab3/integrTestsLab3.py" line="77" name="test_empty_array" time="0.03265523910522461"><system-out>Enviroment - test
</system-out></testcase><testcase classname="tests.lab3.integrTestsLab3.TestApplicationServiceImpl" file="tests/lab3/integrTestsLab3.py" line="96" name="test_empty_symbol" time="0.13502717018127441"><system-out>Enviroment - test
</system-out></testcase><testcase classname="tests.lab3.integrTestsLab3.TestApplicationServiceImpl" file="tests/lab3/integrTestsLab3.py" line="32" name="test_get_all_phones" time="0.14193367958068848"><system-out>Enviroment - test
</system-out></testcase><testcase classname="tests.lab3.integrTestsLab3.TestApplicationServiceImpl" file="tests/lab3/integrTestsLab3.py" line="53" name="test_get_phones_with_same_name" time="3.1940042972564697"><system-out>Enviroment - test
</system-out></testcase></testsuite>